[2025-10-16T02:27:10.798305+00:00] wisp.INFO: Global before: {method} {uri} {"method":"GET","uri":"/v1/health-check"} []
[2025-10-16T02:27:10.800889+00:00] wisp.DEBUG: API v1 Group before: Entering API v1 group [] []
[2025-10-16T02:27:10.800908+00:00] wisp.DEBUG: Route before: Health check starting [] []
[2025-10-16T02:27:10.800944+00:00] wisp.DEBUG: Envelope middleware: Setting response headers [] []
[2025-10-16T02:27:10.800960+00:00] wisp.DEBUG: {label}: Timer started {"label":"Player Rankings"} []
[2025-10-16T02:27:10.800997+00:00] wisp.INFO: RateLimit middleware: Checking rate limit {"ip":"127.0.0.1","max_requests":1000} []
[2025-10-16T02:27:10.801017+00:00] wisp.DEBUG: Auth middleware: Checking authorization header {"has_token":false} []
[2025-10-16T02:27:10.801029+00:00] wisp.INFO: Health check endpoint accessed [] []
[2025-10-16T02:28:10.161394+00:00] wisp.INFO: Global before: {method} {uri} {"method":"GET","uri":"/v1/health-check"} []
[2025-10-16T02:28:10.161468+00:00] wisp.DEBUG: API v1 Group before: Entering API v1 group [] []
[2025-10-16T02:28:10.161479+00:00] wisp.DEBUG: Route before: Health check starting [] []
[2025-10-16T02:28:10.161506+00:00] wisp.DEBUG: Envelope middleware: Setting response headers [] []
[2025-10-16T02:28:10.161520+00:00] wisp.DEBUG: {label}: Timer started {"label":"Player Rankings"} []
[2025-10-16T02:28:10.161542+00:00] wisp.INFO: RateLimit middleware: Checking rate limit {"ip":"127.0.0.1","max_requests":1000} []
[2025-10-16T02:28:10.161561+00:00] wisp.DEBUG: Auth middleware: Checking authorization header {"has_token":false} []
[2025-10-16T02:28:10.161572+00:00] wisp.INFO: Health check endpoint accessed [] []
[2025-10-16T02:28:10.161595+00:00] wisp.DEBUG: Route after: Health check completed [] []
[2025-10-16T02:28:10.161603+00:00] wisp.DEBUG: API v1 Group after: Exiting API v1 group [] []
[2025-10-16T02:28:10.161609+00:00] wisp.DEBUG: Global after: Request completed [] []
[2025-10-16T02:28:10.161618+00:00] wisp.INFO: {label}: Completed in {duration}ms {"label":"Player Rankings","duration":0.1} []
[2025-10-16T02:28:14.601792+00:00] wisp.INFO: Global before: {method} {uri} {"method":"GET","uri":"/v1/health-check"} []
[2025-10-16T02:28:14.601864+00:00] wisp.DEBUG: API v1 Group before: Entering API v1 group [] []
[2025-10-16T02:28:14.601876+00:00] wisp.DEBUG: Route before: Health check starting [] []
[2025-10-16T02:28:14.601902+00:00] wisp.DEBUG: Envelope middleware: Setting response headers [] []
[2025-10-16T02:28:14.601916+00:00] wisp.DEBUG: {label}: Timer started {"label":"Player Rankings"} []
[2025-10-16T02:28:14.601942+00:00] wisp.INFO: RateLimit middleware: Checking rate limit {"ip":"127.0.0.1","max_requests":1000} []
[2025-10-16T02:28:14.601962+00:00] wisp.DEBUG: Auth middleware: Checking authorization header {"has_token":false} []
[2025-10-16T02:28:14.601973+00:00] wisp.INFO: Health check endpoint accessed [] []
[2025-10-16T02:28:14.601996+00:00] wisp.DEBUG: Route after: Health check completed [] []
[2025-10-16T02:28:14.602004+00:00] wisp.DEBUG: API v1 Group after: Exiting API v1 group [] []
[2025-10-16T02:28:14.602010+00:00] wisp.DEBUG: Global after: Request completed [] []
[2025-10-16T02:28:14.602018+00:00] wisp.INFO: {label}: Completed in {duration}ms {"label":"Player Rankings","duration":0.1} []
[2025-10-16T02:31:04.469520+00:00] wisp.INFO: Global before: {method} {uri} {"method":"GET","uri":"/v1/health-check"} []
[2025-10-16T02:31:04.469610+00:00] wisp.DEBUG: API v1 Group before: Entering API v1 group [] []
[2025-10-16T02:31:04.469624+00:00] wisp.DEBUG: Route before: Health check starting [] []
[2025-10-16T02:31:04.469649+00:00] wisp.DEBUG: Envelope middleware: Setting response headers [] []
[2025-10-16T02:31:04.469664+00:00] wisp.DEBUG: {label}: Timer started {"label":"Player Rankings"} []
[2025-10-16T02:31:04.469685+00:00] wisp.INFO: RateLimit middleware: Checking rate limit {"ip":"127.0.0.1","max_requests":1000} []
[2025-10-16T02:31:04.469704+00:00] wisp.DEBUG: Auth middleware: Checking authorization header {"has_token":false} []
[2025-10-16T02:31:04.469715+00:00] wisp.INFO: Health check endpoint accessed [] []
[2025-10-16T02:31:04.469744+00:00] wisp.DEBUG: Route after: Health check completed [] []
[2025-10-16T02:31:04.469752+00:00] wisp.DEBUG: API v1 Group after: Exiting API v1 group [] []
[2025-10-16T02:31:04.469758+00:00] wisp.DEBUG: Global after: Request completed [] []
[2025-10-16T02:31:04.469766+00:00] wisp.INFO: {label}: Completed in {duration}ms {"label":"Player Rankings","duration":0.1} []
[2025-10-16T02:32:49.083459+00:00] wisp.INFO: Global before: {method} {uri} {"method":"GET","uri":"/v1/health-check"} []
[2025-10-16T02:32:49.083563+00:00] wisp.DEBUG: API v1 Group before: Entering API v1 group [] []
[2025-10-16T02:32:49.083578+00:00] wisp.DEBUG: Route before: Health check starting [] []
[2025-10-16T02:32:49.083608+00:00] wisp.DEBUG: Envelope middleware: Setting response headers [] []
[2025-10-16T02:32:49.083626+00:00] wisp.DEBUG: {label}: Timer started {"label":"Player Rankings"} []
[2025-10-16T02:32:49.083645+00:00] wisp.INFO: RateLimit middleware: Checking rate limit {"ip":"127.0.0.1","max_requests":1000} []
[2025-10-16T02:32:49.083660+00:00] wisp.DEBUG: Auth middleware: Checking authorization header {"has_token":false} []
[2025-10-16T02:32:49.083673+00:00] wisp.INFO: Health check endpoint accessed [] []
[2025-10-16T02:32:49.083698+00:00] wisp.DEBUG: Route after: Health check completed [] []
[2025-10-16T02:32:49.083709+00:00] wisp.DEBUG: API v1 Group after: Exiting API v1 group [] []
[2025-10-16T02:32:49.083717+00:00] wisp.DEBUG: Global after: Request completed [] []
[2025-10-16T02:32:49.083729+00:00] wisp.INFO: {label}: Completed in {duration}ms {"label":"Player Rankings","duration":0.1} []
[2025-10-16T02:32:49.622603+00:00] wisp.INFO: Global before: {method} {uri} {"method":"GET","uri":"/v1/health-check"} []
[2025-10-16T02:32:49.622685+00:00] wisp.DEBUG: API v1 Group before: Entering API v1 group [] []
[2025-10-16T02:32:49.622701+00:00] wisp.DEBUG: Route before: Health check starting [] []
[2025-10-16T02:32:49.622729+00:00] wisp.DEBUG: Envelope middleware: Setting response headers [] []
[2025-10-16T02:32:49.622757+00:00] wisp.DEBUG: {label}: Timer started {"label":"Player Rankings"} []
[2025-10-16T02:32:49.622782+00:00] wisp.INFO: RateLimit middleware: Checking rate limit {"ip":"127.0.0.1","max_requests":1000} []
[2025-10-16T02:32:49.622798+00:00] wisp.DEBUG: Auth middleware: Checking authorization header {"has_token":false} []
[2025-10-16T02:32:49.622848+00:00] wisp.INFO: Health check endpoint accessed [] []
[2025-10-16T02:32:49.622884+00:00] wisp.DEBUG: Route after: Health check completed [] []
[2025-10-16T02:32:49.622896+00:00] wisp.DEBUG: API v1 Group after: Exiting API v1 group [] []
[2025-10-16T02:32:49.622905+00:00] wisp.DEBUG: Global after: Request completed [] []
[2025-10-16T02:32:49.622916+00:00] wisp.INFO: {label}: Completed in {duration}ms {"label":"Player Rankings","duration":0.16} []
[2025-10-16T02:32:49.792452+00:00] wisp.INFO: Global before: {method} {uri} {"method":"GET","uri":"/v1/health-check"} []
[2025-10-16T02:32:49.792523+00:00] wisp.DEBUG: API v1 Group before: Entering API v1 group [] []
[2025-10-16T02:32:49.792537+00:00] wisp.DEBUG: Route before: Health check starting [] []
[2025-10-16T02:32:49.792562+00:00] wisp.DEBUG: Envelope middleware: Setting response headers [] []
[2025-10-16T02:32:49.792579+00:00] wisp.DEBUG: {label}: Timer started {"label":"Player Rankings"} []
[2025-10-16T02:32:49.792595+00:00] wisp.INFO: RateLimit middleware: Checking rate limit {"ip":"127.0.0.1","max_requests":1000} []
[2025-10-16T02:32:49.792610+00:00] wisp.DEBUG: Auth middleware: Checking authorization header {"has_token":false} []
[2025-10-16T02:32:49.792622+00:00] wisp.INFO: Health check endpoint accessed [] []
[2025-10-16T02:32:49.792646+00:00] wisp.DEBUG: Route after: Health check completed [] []
[2025-10-16T02:32:49.792655+00:00] wisp.DEBUG: API v1 Group after: Exiting API v1 group [] []
[2025-10-16T02:32:49.792664+00:00] wisp.DEBUG: Global after: Request completed [] []
[2025-10-16T02:32:49.792674+00:00] wisp.INFO: {label}: Completed in {duration}ms {"label":"Player Rankings","duration":0.1} []
[2025-10-16T02:34:10.708093+00:00] wisp.INFO: Global before: {method} {uri} {"method":"GET","uri":"/v1/health-check"} []
[2025-10-16T02:34:10.708182+00:00] wisp.DEBUG: API v1 Group before: Entering API v1 group [] []
[2025-10-16T02:34:10.708194+00:00] wisp.DEBUG: Route before: Health check starting [] []
[2025-10-16T02:34:10.708222+00:00] wisp.DEBUG: Envelope middleware: Setting response headers [] []
[2025-10-16T02:34:10.708237+00:00] wisp.DEBUG: {label}: Timer started {"label":"Player Rankings"} []
[2025-10-16T02:34:10.708251+00:00] wisp.INFO: RateLimit middleware: Checking rate limit {"ip":"127.0.0.1","max_requests":1000} []
[2025-10-16T02:34:10.708264+00:00] wisp.DEBUG: Auth middleware: Checking authorization header {"has_token":false} []
[2025-10-16T02:34:10.708273+00:00] wisp.INFO: Health check endpoint accessed [] []
[2025-10-16T02:34:10.708297+00:00] wisp.DEBUG: Route after: Health check completed [] []
[2025-10-16T02:34:10.708304+00:00] wisp.DEBUG: API v1 Group after: Exiting API v1 group [] []
[2025-10-16T02:34:10.708310+00:00] wisp.DEBUG: Global after: Request completed [] []
[2025-10-16T02:34:10.708319+00:00] wisp.INFO: {label}: Completed in {duration}ms {"label":"Player Rankings","duration":0.08} []
[2025-10-16T02:34:11.035621+00:00] wisp.INFO: Global before: {method} {uri} {"method":"GET","uri":"/v1/health-check"} []
[2025-10-16T02:34:11.035684+00:00] wisp.DEBUG: API v1 Group before: Entering API v1 group [] []
[2025-10-16T02:34:11.035696+00:00] wisp.DEBUG: Route before: Health check starting [] []
[2025-10-16T02:34:11.035720+00:00] wisp.DEBUG: Envelope middleware: Setting response headers [] []
[2025-10-16T02:34:11.035733+00:00] wisp.DEBUG: {label}: Timer started {"label":"Player Rankings"} []
[2025-10-16T02:34:11.035746+00:00] wisp.INFO: RateLimit middleware: Checking rate limit {"ip":"127.0.0.1","max_requests":1000} []
[2025-10-16T02:34:11.035757+00:00] wisp.DEBUG: Auth middleware: Checking authorization header {"has_token":false} []
[2025-10-16T02:34:11.035766+00:00] wisp.INFO: Health check endpoint accessed [] []
[2025-10-16T02:34:11.035786+00:00] wisp.DEBUG: Route after: Health check completed [] []
[2025-10-16T02:34:11.035793+00:00] wisp.DEBUG: API v1 Group after: Exiting API v1 group [] []
[2025-10-16T02:34:11.035799+00:00] wisp.DEBUG: Global after: Request completed [] []
[2025-10-16T02:34:11.035806+00:00] wisp.INFO: {label}: Completed in {duration}ms {"label":"Player Rankings","duration":0.07} []
[2025-10-16T02:34:11.221608+00:00] wisp.INFO: Global before: {method} {uri} {"method":"GET","uri":"/v1/health-check"} []
[2025-10-16T02:34:11.221669+00:00] wisp.DEBUG: API v1 Group before: Entering API v1 group [] []
[2025-10-16T02:34:11.221680+00:00] wisp.DEBUG: Route before: Health check starting [] []
[2025-10-16T02:34:11.221705+00:00] wisp.DEBUG: Envelope middleware: Setting response headers [] []
[2025-10-16T02:34:11.221717+00:00] wisp.DEBUG: {label}: Timer started {"label":"Player Rankings"} []
[2025-10-16T02:34:11.221731+00:00] wisp.INFO: RateLimit middleware: Checking rate limit {"ip":"127.0.0.1","max_requests":1000} []
[2025-10-16T02:34:11.221742+00:00] wisp.DEBUG: Auth middleware: Checking authorization header {"has_token":false} []
[2025-10-16T02:34:11.221751+00:00] wisp.INFO: Health check endpoint accessed [] []
[2025-10-16T02:34:11.221771+00:00] wisp.DEBUG: Route after: Health check completed [] []
[2025-10-16T02:34:11.221777+00:00] wisp.DEBUG: API v1 Group after: Exiting API v1 group [] []
[2025-10-16T02:34:11.221783+00:00] wisp.DEBUG: Global after: Request completed [] []
[2025-10-16T02:34:11.221790+00:00] wisp.INFO: {label}: Completed in {duration}ms {"label":"Player Rankings","duration":0.07} []
[2025-10-16T02:34:11.418501+00:00] wisp.INFO: Global before: {method} {uri} {"method":"GET","uri":"/v1/health-check"} []
[2025-10-16T02:34:11.418565+00:00] wisp.DEBUG: API v1 Group before: Entering API v1 group [] []
[2025-10-16T02:34:11.418576+00:00] wisp.DEBUG: Route before: Health check starting [] []
[2025-10-16T02:34:11.418600+00:00] wisp.DEBUG: Envelope middleware: Setting response headers [] []
[2025-10-16T02:34:11.418620+00:00] wisp.DEBUG: {label}: Timer started {"label":"Player Rankings"} []
[2025-10-16T02:34:11.418633+00:00] wisp.INFO: RateLimit middleware: Checking rate limit {"ip":"127.0.0.1","max_requests":1000} []
[2025-10-16T02:34:11.418644+00:00] wisp.DEBUG: Auth middleware: Checking authorization header {"has_token":false} []
[2025-10-16T02:34:11.418652+00:00] wisp.INFO: Health check endpoint accessed [] []
[2025-10-16T02:34:11.418671+00:00] wisp.DEBUG: Route after: Health check completed [] []
[2025-10-16T02:34:11.418677+00:00] wisp.DEBUG: API v1 Group after: Exiting API v1 group [] []
[2025-10-16T02:34:11.418682+00:00] wisp.DEBUG: Global after: Request completed [] []
[2025-10-16T02:34:11.418690+00:00] wisp.INFO: {label}: Completed in {duration}ms {"label":"Player Rankings","duration":0.07} []
[2025-10-16T02:34:11.600262+00:00] wisp.INFO: Global before: {method} {uri} {"method":"GET","uri":"/v1/health-check"} []
[2025-10-16T02:34:11.600330+00:00] wisp.DEBUG: API v1 Group before: Entering API v1 group [] []
[2025-10-16T02:34:11.600342+00:00] wisp.DEBUG: Route before: Health check starting [] []
[2025-10-16T02:34:11.600366+00:00] wisp.DEBUG: Envelope middleware: Setting response headers [] []
[2025-10-16T02:34:11.600380+00:00] wisp.DEBUG: {label}: Timer started {"label":"Player Rankings"} []
[2025-10-16T02:34:11.600393+00:00] wisp.INFO: RateLimit middleware: Checking rate limit {"ip":"127.0.0.1","max_requests":1000} []
[2025-10-16T02:34:11.600404+00:00] wisp.DEBUG: Auth middleware: Checking authorization header {"has_token":false} []
[2025-10-16T02:34:11.600412+00:00] wisp.INFO: Health check endpoint accessed [] []
[2025-10-16T02:34:11.600433+00:00] wisp.DEBUG: Route after: Health check completed [] []
[2025-10-16T02:34:11.600439+00:00] wisp.DEBUG: API v1 Group after: Exiting API v1 group [] []
[2025-10-16T02:34:11.600444+00:00] wisp.DEBUG: Global after: Request completed [] []
[2025-10-16T02:34:11.600452+00:00] wisp.INFO: {label}: Completed in {duration}ms {"label":"Player Rankings","duration":0.07} []
[2025-10-16T02:34:11.798495+00:00] wisp.INFO: Global before: {method} {uri} {"method":"GET","uri":"/v1/health-check"} []
[2025-10-16T02:34:11.798580+00:00] wisp.DEBUG: API v1 Group before: Entering API v1 group [] []
[2025-10-16T02:34:11.798591+00:00] wisp.DEBUG: Route before: Health check starting [] []
[2025-10-16T02:34:11.798618+00:00] wisp.DEBUG: Envelope middleware: Setting response headers [] []
[2025-10-16T02:34:11.798632+00:00] wisp.DEBUG: {label}: Timer started {"label":"Player Rankings"} []
[2025-10-16T02:34:11.798647+00:00] wisp.INFO: RateLimit middleware: Checking rate limit {"ip":"127.0.0.1","max_requests":1000} []
[2025-10-16T02:34:11.798658+00:00] wisp.DEBUG: Auth middleware: Checking authorization header {"has_token":false} []
[2025-10-16T02:34:11.798667+00:00] wisp.INFO: Health check endpoint accessed [] []
[2025-10-16T02:34:11.798689+00:00] wisp.DEBUG: Route after: Health check completed [] []
[2025-10-16T02:34:11.798695+00:00] wisp.DEBUG: API v1 Group after: Exiting API v1 group [] []
[2025-10-16T02:34:11.798701+00:00] wisp.DEBUG: Global after: Request completed [] []
[2025-10-16T02:34:11.798709+00:00] wisp.INFO: {label}: Completed in {duration}ms {"label":"Player Rankings","duration":0.08} []
[2025-10-16T02:34:12.630710+00:00] wisp.INFO: Global before: {method} {uri} {"method":"GET","uri":"/v1/health-check"} []
[2025-10-16T02:34:12.630772+00:00] wisp.DEBUG: API v1 Group before: Entering API v1 group [] []
[2025-10-16T02:34:12.630783+00:00] wisp.DEBUG: Route before: Health check starting [] []
[2025-10-16T02:34:12.630807+00:00] wisp.DEBUG: Envelope middleware: Setting response headers [] []
[2025-10-16T02:34:12.630819+00:00] wisp.DEBUG: {label}: Timer started {"label":"Player Rankings"} []
[2025-10-16T02:34:12.630831+00:00] wisp.INFO: RateLimit middleware: Checking rate limit {"ip":"127.0.0.1","max_requests":1000} []
[2025-10-16T02:34:12.630842+00:00] wisp.DEBUG: Auth middleware: Checking authorization header {"has_token":false} []
[2025-10-16T02:34:12.630851+00:00] wisp.INFO: Health check endpoint accessed [] []
[2025-10-16T02:34:12.630877+00:00] wisp.DEBUG: Route after: Health check completed [] []
[2025-10-16T02:34:12.630884+00:00] wisp.DEBUG: API v1 Group after: Exiting API v1 group [] []
[2025-10-16T02:34:12.630890+00:00] wisp.DEBUG: Global after: Request completed [] []
[2025-10-16T02:34:12.630898+00:00] wisp.INFO: {label}: Completed in {duration}ms {"label":"Player Rankings","duration":0.08} []
[2025-10-16T02:34:12.841531+00:00] wisp.INFO: Global before: {method} {uri} {"method":"GET","uri":"/v1/health-check"} []
[2025-10-16T02:34:12.841600+00:00] wisp.DEBUG: API v1 Group before: Entering API v1 group [] []
[2025-10-16T02:34:12.841613+00:00] wisp.DEBUG: Route before: Health check starting [] []
[2025-10-16T02:34:12.841641+00:00] wisp.DEBUG: Envelope middleware: Setting response headers [] []
[2025-10-16T02:34:12.841656+00:00] wisp.DEBUG: {label}: Timer started {"label":"Player Rankings"} []
[2025-10-16T02:34:12.841672+00:00] wisp.INFO: RateLimit middleware: Checking rate limit {"ip":"127.0.0.1","max_requests":1000} []
[2025-10-16T02:34:12.841685+00:00] wisp.DEBUG: Auth middleware: Checking authorization header {"has_token":false} []
[2025-10-16T02:34:12.841695+00:00] wisp.INFO: Health check endpoint accessed [] []
[2025-10-16T02:34:12.841718+00:00] wisp.DEBUG: Route after: Health check completed [] []
[2025-10-16T02:34:12.841726+00:00] wisp.DEBUG: API v1 Group after: Exiting API v1 group [] []
[2025-10-16T02:34:12.841733+00:00] wisp.DEBUG: Global after: Request completed [] []
[2025-10-16T02:34:12.841741+00:00] wisp.INFO: {label}: Completed in {duration}ms {"label":"Player Rankings","duration":0.08} []
[2025-10-16T02:34:13.187573+00:00] wisp.INFO: Global before: {method} {uri} {"method":"GET","uri":"/v1/health-check"} []
[2025-10-16T02:34:13.187637+00:00] wisp.DEBUG: API v1 Group before: Entering API v1 group [] []
[2025-10-16T02:34:13.187649+00:00] wisp.DEBUG: Route before: Health check starting [] []
[2025-10-16T02:34:13.187672+00:00] wisp.DEBUG: Envelope middleware: Setting response headers [] []
[2025-10-16T02:34:13.187686+00:00] wisp.DEBUG: {label}: Timer started {"label":"Player Rankings"} []
[2025-10-16T02:34:13.187699+00:00] wisp.INFO: RateLimit middleware: Checking rate limit {"ip":"127.0.0.1","max_requests":1000} []
[2025-10-16T02:34:13.187711+00:00] wisp.DEBUG: Auth middleware: Checking authorization header {"has_token":false} []
[2025-10-16T02:34:13.187720+00:00] wisp.INFO: Health check endpoint accessed [] []
[2025-10-16T02:34:13.187739+00:00] wisp.DEBUG: Route after: Health check completed [] []
[2025-10-16T02:34:13.187746+00:00] wisp.DEBUG: API v1 Group after: Exiting API v1 group [] []
[2025-10-16T02:34:13.187751+00:00] wisp.DEBUG: Global after: Request completed [] []
[2025-10-16T02:34:13.187759+00:00] wisp.INFO: {label}: Completed in {duration}ms {"label":"Player Rankings","duration":0.07} []
[2025-10-16T02:34:16.066090+00:00] wisp.INFO: Global before: {method} {uri} {"method":"GET","uri":"/v1/health-check"} []
[2025-10-16T02:34:16.066193+00:00] wisp.DEBUG: API v1 Group before: Entering API v1 group [] []
[2025-10-16T02:34:16.066207+00:00] wisp.DEBUG: Route before: Health check starting [] []
[2025-10-16T02:34:16.066236+00:00] wisp.DEBUG: Envelope middleware: Setting response headers [] []
[2025-10-16T02:34:16.066252+00:00] wisp.DEBUG: {label}: Timer started {"label":"Player Rankings"} []
[2025-10-16T02:34:16.066270+00:00] wisp.INFO: RateLimit middleware: Checking rate limit {"ip":"127.0.0.1","max_requests":1000} []
[2025-10-16T02:34:16.066284+00:00] wisp.DEBUG: Auth middleware: Checking authorization header {"has_token":false} []
[2025-10-16T02:34:16.066297+00:00] wisp.INFO: Health check endpoint accessed [] []
[2025-10-16T02:34:16.066321+00:00] wisp.DEBUG: Route after: Health check completed [] []
[2025-10-16T02:34:16.066332+00:00] wisp.DEBUG: API v1 Group after: Exiting API v1 group [] []
[2025-10-16T02:34:16.066340+00:00] wisp.DEBUG: Global after: Request completed [] []
[2025-10-16T02:34:16.066350+00:00] wisp.INFO: {label}: Completed in {duration}ms {"label":"Player Rankings","duration":0.1} []
[2025-10-16T02:34:16.309305+00:00] wisp.INFO: Global before: {method} {uri} {"method":"GET","uri":"/v1/health-check"} []
[2025-10-16T02:34:16.309392+00:00] wisp.DEBUG: API v1 Group before: Entering API v1 group [] []
[2025-10-16T02:34:16.309406+00:00] wisp.DEBUG: Route before: Health check starting [] []
[2025-10-16T02:34:16.309435+00:00] wisp.DEBUG: Envelope middleware: Setting response headers [] []
[2025-10-16T02:34:16.309454+00:00] wisp.DEBUG: {label}: Timer started {"label":"Player Rankings"} []
[2025-10-16T02:34:16.309473+00:00] wisp.INFO: RateLimit middleware: Checking rate limit {"ip":"127.0.0.1","max_requests":1000} []
[2025-10-16T02:34:16.309488+00:00] wisp.DEBUG: Auth middleware: Checking authorization header {"has_token":false} []
[2025-10-16T02:34:16.309500+00:00] wisp.INFO: Health check endpoint accessed [] []
[2025-10-16T02:34:16.309525+00:00] wisp.DEBUG: Route after: Health check completed [] []
[2025-10-16T02:34:16.309534+00:00] wisp.DEBUG: API v1 Group after: Exiting API v1 group [] []
[2025-10-16T02:34:16.309543+00:00] wisp.DEBUG: Global after: Request completed [] []
[2025-10-16T02:34:16.309555+00:00] wisp.INFO: {label}: Completed in {duration}ms {"label":"Player Rankings","duration":0.1} []
[2025-10-16T02:34:16.736465+00:00] wisp.INFO: Global before: {method} {uri} {"method":"GET","uri":"/v1/health-check"} []
[2025-10-16T02:34:16.736565+00:00] wisp.DEBUG: API v1 Group before: Entering API v1 group [] []
[2025-10-16T02:34:16.736580+00:00] wisp.DEBUG: Route before: Health check starting [] []
[2025-10-16T02:34:16.736609+00:00] wisp.DEBUG: Envelope middleware: Setting response headers [] []
[2025-10-16T02:34:16.736627+00:00] wisp.DEBUG: {label}: Timer started {"label":"Player Rankings"} []
[2025-10-16T02:34:16.736645+00:00] wisp.INFO: RateLimit middleware: Checking rate limit {"ip":"127.0.0.1","max_requests":1000} []
[2025-10-16T02:34:16.736660+00:00] wisp.DEBUG: Auth middleware: Checking authorization header {"has_token":false} []
[2025-10-16T02:34:16.736672+00:00] wisp.INFO: Health check endpoint accessed [] []
[2025-10-16T02:34:16.736698+00:00] wisp.DEBUG: Route after: Health check completed [] []
[2025-10-16T02:34:16.736708+00:00] wisp.DEBUG: API v1 Group after: Exiting API v1 group [] []
[2025-10-16T02:34:16.736716+00:00] wisp.DEBUG: Global after: Request completed [] []
[2025-10-16T02:34:16.736727+00:00] wisp.INFO: {label}: Completed in {duration}ms {"label":"Player Rankings","duration":0.1} []
[2025-10-16T02:34:17.137614+00:00] wisp.INFO: Global before: {method} {uri} {"method":"GET","uri":"/v1/health-check"} []
[2025-10-16T02:34:17.137721+00:00] wisp.DEBUG: API v1 Group before: Entering API v1 group [] []
[2025-10-16T02:34:17.137740+00:00] wisp.DEBUG: Route before: Health check starting [] []
[2025-10-16T02:34:17.137778+00:00] wisp.DEBUG: Envelope middleware: Setting response headers [] []
[2025-10-16T02:34:17.137801+00:00] wisp.DEBUG: {label}: Timer started {"label":"Player Rankings"} []
[2025-10-16T02:34:17.137824+00:00] wisp.INFO: RateLimit middleware: Checking rate limit {"ip":"127.0.0.1","max_requests":1000} []
[2025-10-16T02:34:17.137844+00:00] wisp.DEBUG: Auth middleware: Checking authorization header {"has_token":false} []
[2025-10-16T02:34:17.137860+00:00] wisp.INFO: Health check endpoint accessed [] []
[2025-10-16T02:34:17.137892+00:00] wisp.DEBUG: Route after: Health check completed [] []
[2025-10-16T02:34:17.137905+00:00] wisp.DEBUG: API v1 Group after: Exiting API v1 group [] []
[2025-10-16T02:34:17.137916+00:00] wisp.DEBUG: Global after: Request completed [] []
[2025-10-16T02:34:17.137931+00:00] wisp.INFO: {label}: Completed in {duration}ms {"label":"Player Rankings","duration":0.13} []
[2025-10-16T02:39:02.647562+00:00] wisp.INFO: Global before: {method} {uri} {"method":"GET","uri":"/v1/health-check"} []
[2025-10-16T02:39:02.647683+00:00] wisp.DEBUG: API v1 Group before: Entering API v1 group [] []
[2025-10-16T02:39:02.647699+00:00] wisp.DEBUG: Route before: Health check starting [] []
[2025-10-16T02:39:02.647732+00:00] wisp.DEBUG: Envelope middleware: Setting response headers [] []
[2025-10-16T02:39:02.647761+00:00] wisp.DEBUG: {label}: Timer started {"label":"Player Rankings"} []
[2025-10-16T02:39:02.647788+00:00] wisp.INFO: RateLimit middleware: Checking rate limit {"ip":"127.0.0.1","max_requests":1000} []
[2025-10-16T02:39:02.647810+00:00] wisp.DEBUG: Auth middleware: Checking authorization header {"has_token":false} []
[2025-10-16T02:39:02.647826+00:00] wisp.INFO: Health check endpoint accessed [] []
[2025-10-16T02:39:02.647854+00:00] wisp.DEBUG: Route after: Health check completed [] []
[2025-10-16T02:39:02.647864+00:00] wisp.DEBUG: API v1 Group after: Exiting API v1 group [] []
[2025-10-16T02:39:02.647873+00:00] wisp.DEBUG: Global after: Request completed [] []
[2025-10-16T02:39:02.647885+00:00] wisp.INFO: {label}: Completed in {duration}ms {"label":"Player Rankings","duration":0.12} []
[2025-10-16T02:39:02.831766+00:00] wisp.INFO: Global before: {method} {uri} {"method":"GET","uri":"/v1/health-check"} []
[2025-10-16T02:39:02.831845+00:00] wisp.DEBUG: API v1 Group before: Entering API v1 group [] []
[2025-10-16T02:39:02.831859+00:00] wisp.DEBUG: Route before: Health check starting [] []
[2025-10-16T02:39:02.831886+00:00] wisp.DEBUG: Envelope middleware: Setting response headers [] []
[2025-10-16T02:39:02.831904+00:00] wisp.DEBUG: {label}: Timer started {"label":"Player Rankings"} []
[2025-10-16T02:39:02.831922+00:00] wisp.INFO: RateLimit middleware: Checking rate limit {"ip":"127.0.0.1","max_requests":1000} []
[2025-10-16T02:39:02.831937+00:00] wisp.DEBUG: Auth middleware: Checking authorization header {"has_token":false} []
[2025-10-16T02:39:02.831950+00:00] wisp.INFO: Health check endpoint accessed [] []
[2025-10-16T02:39:02.831975+00:00] wisp.DEBUG: Route after: Health check completed [] []
[2025-10-16T02:39:02.831984+00:00] wisp.DEBUG: API v1 Group after: Exiting API v1 group [] []
[2025-10-16T02:39:02.831993+00:00] wisp.DEBUG: Global after: Request completed [] []
[2025-10-16T02:39:02.832003+00:00] wisp.INFO: {label}: Completed in {duration}ms {"label":"Player Rankings","duration":0.1} []
[2025-10-16T02:39:02.980925+00:00] wisp.INFO: Global before: {method} {uri} {"method":"GET","uri":"/v1/health-check"} []
[2025-10-16T02:39:02.981031+00:00] wisp.DEBUG: API v1 Group before: Entering API v1 group [] []
[2025-10-16T02:39:02.981045+00:00] wisp.DEBUG: Route before: Health check starting [] []
[2025-10-16T02:39:02.981074+00:00] wisp.DEBUG: Envelope middleware: Setting response headers [] []
[2025-10-16T02:39:02.981092+00:00] wisp.DEBUG: {label}: Timer started {"label":"Player Rankings"} []
[2025-10-16T02:39:02.981120+00:00] wisp.INFO: RateLimit middleware: Checking rate limit {"ip":"127.0.0.1","max_requests":1000} []
[2025-10-16T02:39:02.981136+00:00] wisp.DEBUG: Auth middleware: Checking authorization header {"has_token":false} []
[2025-10-16T02:39:02.981148+00:00] wisp.INFO: Health check endpoint accessed [] []
[2025-10-16T02:39:02.981173+00:00] wisp.DEBUG: Route after: Health check completed [] []
[2025-10-16T02:39:02.981182+00:00] wisp.DEBUG: API v1 Group after: Exiting API v1 group [] []
[2025-10-16T02:39:02.981190+00:00] wisp.DEBUG: Global after: Request completed [] []
[2025-10-16T02:39:02.981201+00:00] wisp.INFO: {label}: Completed in {duration}ms {"label":"Player Rankings","duration":0.11} []
[2025-10-16T02:39:54.580962+00:00] wisp.INFO: Global before: {method} {uri} {"method":"GET","uri":"/v1/health-check"} []
[2025-10-16T02:39:54.581241+00:00] wisp.DEBUG: API v1 Group before: Entering API v1 group [] []
[2025-10-16T02:39:54.581258+00:00] wisp.DEBUG: Route before: Health check starting [] []
[2025-10-16T02:39:54.581294+00:00] wisp.DEBUG: Envelope middleware: Setting response headers [] []
[2025-10-16T02:39:54.581314+00:00] wisp.DEBUG: {label}: Timer started {"label":"Player Rankings"} []
[2025-10-16T02:39:54.581334+00:00] wisp.INFO: RateLimit middleware: Checking rate limit {"ip":"127.0.0.1","max_requests":1000} []
[2025-10-16T02:39:54.581350+00:00] wisp.DEBUG: Auth middleware: Checking authorization header {"has_token":false} []
[2025-10-16T02:39:54.581385+00:00] wisp.INFO: Health check endpoint accessed [] []
[2025-10-16T02:39:54.581428+00:00] wisp.DEBUG: Route after: Health check completed [] []
[2025-10-16T02:39:54.581440+00:00] wisp.DEBUG: API v1 Group after: Exiting API v1 group [] []
[2025-10-16T02:39:54.581450+00:00] wisp.DEBUG: Global after: Request completed [] []
[2025-10-16T02:39:54.581461+00:00] wisp.INFO: {label}: Completed in {duration}ms {"label":"Player Rankings","duration":0.15} []
[2025-10-16T02:39:54.794802+00:00] wisp.INFO: Global before: {method} {uri} {"method":"GET","uri":"/v1/health-check"} []
[2025-10-16T02:39:54.794868+00:00] wisp.DEBUG: API v1 Group before: Entering API v1 group [] []
[2025-10-16T02:39:54.794883+00:00] wisp.DEBUG: Route before: Health check starting [] []
[2025-10-16T02:39:54.794911+00:00] wisp.DEBUG: Envelope middleware: Setting response headers [] []
[2025-10-16T02:39:54.794928+00:00] wisp.DEBUG: {label}: Timer started {"label":"Player Rankings"} []
[2025-10-16T02:39:54.794945+00:00] wisp.INFO: RateLimit middleware: Checking rate limit {"ip":"127.0.0.1","max_requests":1000} []
[2025-10-16T02:39:54.794961+00:00] wisp.DEBUG: Auth middleware: Checking authorization header {"has_token":false} []
[2025-10-16T02:39:54.794974+00:00] wisp.INFO: Health check endpoint accessed [] []
[2025-10-16T02:39:54.794997+00:00] wisp.DEBUG: Route after: Health check completed [] []
[2025-10-16T02:39:54.795006+00:00] wisp.DEBUG: API v1 Group after: Exiting API v1 group [] []
[2025-10-16T02:39:54.795014+00:00] wisp.DEBUG: Global after: Request completed [] []
[2025-10-16T02:39:54.795025+00:00] wisp.INFO: {label}: Completed in {duration}ms {"label":"Player Rankings","duration":0.1} []
[2025-10-16T02:39:54.988911+00:00] wisp.INFO: Global before: {method} {uri} {"method":"GET","uri":"/v1/health-check"} []
[2025-10-16T02:39:54.988981+00:00] wisp.DEBUG: API v1 Group before: Entering API v1 group [] []
[2025-10-16T02:39:54.988995+00:00] wisp.DEBUG: Route before: Health check starting [] []
[2025-10-16T02:39:54.989022+00:00] wisp.DEBUG: Envelope middleware: Setting response headers [] []
[2025-10-16T02:39:54.989038+00:00] wisp.DEBUG: {label}: Timer started {"label":"Player Rankings"} []
[2025-10-16T02:39:54.989056+00:00] wisp.INFO: RateLimit middleware: Checking rate limit {"ip":"127.0.0.1","max_requests":1000} []
[2025-10-16T02:39:54.989070+00:00] wisp.DEBUG: Auth middleware: Checking authorization header {"has_token":false} []
[2025-10-16T02:39:54.989082+00:00] wisp.INFO: Health check endpoint accessed [] []
[2025-10-16T02:39:54.989105+00:00] wisp.DEBUG: Route after: Health check completed [] []
[2025-10-16T02:39:54.989114+00:00] wisp.DEBUG: API v1 Group after: Exiting API v1 group [] []
[2025-10-16T02:39:54.989122+00:00] wisp.DEBUG: Global after: Request completed [] []
[2025-10-16T02:39:54.989132+00:00] wisp.INFO: {label}: Completed in {duration}ms {"label":"Player Rankings","duration":0.09} []
[2025-10-16T02:40:05.425610+00:00] wisp.INFO: Global before: {method} {uri} {"method":"GET","uri":"/v1/health-check"} []
[2025-10-16T02:40:05.425708+00:00] wisp.DEBUG: API v1 Group before: Entering API v1 group [] []
[2025-10-16T02:40:05.425722+00:00] wisp.DEBUG: Route before: Health check starting [] []
[2025-10-16T02:40:05.425754+00:00] wisp.DEBUG: Envelope middleware: Setting response headers [] []
[2025-10-16T02:40:05.425773+00:00] wisp.DEBUG: {label}: Timer started {"label":"Player Rankings"} []
[2025-10-16T02:40:05.425791+00:00] wisp.INFO: RateLimit middleware: Checking rate limit {"ip":"127.0.0.1","max_requests":1000} []
[2025-10-16T02:40:05.425806+00:00] wisp.DEBUG: Auth middleware: Checking authorization header {"has_token":false} []
[2025-10-16T02:40:05.425819+00:00] wisp.INFO: Health check endpoint accessed [] []
[2025-10-16T02:40:05.425848+00:00] wisp.DEBUG: Route after: Health check completed [] []
[2025-10-16T02:40:05.425857+00:00] wisp.DEBUG: API v1 Group after: Exiting API v1 group [] []
[2025-10-16T02:40:05.425865+00:00] wisp.DEBUG: Global after: Request completed [] []
[2025-10-16T02:40:05.425877+00:00] wisp.INFO: {label}: Completed in {duration}ms {"label":"Player Rankings","duration":0.1} []
[2025-10-16T02:40:05.610399+00:00] wisp.INFO: Global before: {method} {uri} {"method":"GET","uri":"/v1/health-check"} []
[2025-10-16T02:40:05.610471+00:00] wisp.DEBUG: API v1 Group before: Entering API v1 group [] []
[2025-10-16T02:40:05.610484+00:00] wisp.DEBUG: Route before: Health check starting [] []
[2025-10-16T02:40:05.610509+00:00] wisp.DEBUG: Envelope middleware: Setting response headers [] []
[2025-10-16T02:40:05.610525+00:00] wisp.DEBUG: {label}: Timer started {"label":"Player Rankings"} []
[2025-10-16T02:40:05.610541+00:00] wisp.INFO: RateLimit middleware: Checking rate limit {"ip":"127.0.0.1","max_requests":1000} []
[2025-10-16T02:40:05.610555+00:00] wisp.DEBUG: Auth middleware: Checking authorization header {"has_token":false} []
[2025-10-16T02:40:05.610566+00:00] wisp.INFO: Health check endpoint accessed [] []
[2025-10-16T02:40:05.610587+00:00] wisp.DEBUG: Route after: Health check completed [] []
[2025-10-16T02:40:05.610596+00:00] wisp.DEBUG: API v1 Group after: Exiting API v1 group [] []
[2025-10-16T02:40:05.610603+00:00] wisp.DEBUG: Global after: Request completed [] []
[2025-10-16T02:40:05.610614+00:00] wisp.INFO: {label}: Completed in {duration}ms {"label":"Player Rankings","duration":0.09} []
[2025-10-16T02:40:05.766577+00:00] wisp.INFO: Global before: {method} {uri} {"method":"GET","uri":"/v1/health-check"} []
[2025-10-16T02:40:05.766648+00:00] wisp.DEBUG: API v1 Group before: Entering API v1 group [] []
[2025-10-16T02:40:05.766669+00:00] wisp.DEBUG: Route before: Health check starting [] []
[2025-10-16T02:40:05.766694+00:00] wisp.DEBUG: Envelope middleware: Setting response headers [] []
[2025-10-16T02:40:05.766710+00:00] wisp.DEBUG: {label}: Timer started {"label":"Player Rankings"} []
[2025-10-16T02:40:05.766727+00:00] wisp.INFO: RateLimit middleware: Checking rate limit {"ip":"127.0.0.1","max_requests":1000} []
[2025-10-16T02:40:05.766741+00:00] wisp.DEBUG: Auth middleware: Checking authorization header {"has_token":false} []
[2025-10-16T02:40:05.766753+00:00] wisp.INFO: Health check endpoint accessed [] []
[2025-10-16T02:40:05.766776+00:00] wisp.DEBUG: Route after: Health check completed [] []
[2025-10-16T02:40:05.766785+00:00] wisp.DEBUG: API v1 Group after: Exiting API v1 group [] []
[2025-10-16T02:40:05.766793+00:00] wisp.DEBUG: Global after: Request completed [] []
[2025-10-16T02:40:05.766803+00:00] wisp.INFO: {label}: Completed in {duration}ms {"label":"Player Rankings","duration":0.09} []
[2025-10-16T02:40:05.918008+00:00] wisp.INFO: Global before: {method} {uri} {"method":"GET","uri":"/v1/health-check"} []
[2025-10-16T02:40:05.918154+00:00] wisp.DEBUG: API v1 Group before: Entering API v1 group [] []
[2025-10-16T02:40:05.918168+00:00] wisp.DEBUG: Route before: Health check starting [] []
[2025-10-16T02:40:05.918203+00:00] wisp.DEBUG: Envelope middleware: Setting response headers [] []
[2025-10-16T02:40:05.918226+00:00] wisp.DEBUG: {label}: Timer started {"label":"Player Rankings"} []
[2025-10-16T02:40:05.918245+00:00] wisp.INFO: RateLimit middleware: Checking rate limit {"ip":"127.0.0.1","max_requests":1000} []
[2025-10-16T02:40:05.918261+00:00] wisp.DEBUG: Auth middleware: Checking authorization header {"has_token":false} []
[2025-10-16T02:40:05.918276+00:00] wisp.INFO: Health check endpoint accessed [] []
[2025-10-16T02:40:05.918305+00:00] wisp.DEBUG: Route after: Health check completed [] []
[2025-10-16T02:40:05.918314+00:00] wisp.DEBUG: API v1 Group after: Exiting API v1 group [] []
[2025-10-16T02:40:05.918323+00:00] wisp.DEBUG: Global after: Request completed [] []
[2025-10-16T02:40:05.918335+00:00] wisp.INFO: {label}: Completed in {duration}ms {"label":"Player Rankings","duration":0.11} []
[2025-10-16T02:40:59.989593+00:00] wisp.INFO: Global before: GET /v1/health-check {"method":"GET","uri":"/v1/health-check"} []
[2025-10-16T02:40:59.989668+00:00] wisp.DEBUG: API v1 Group before: Entering API v1 group [] []
[2025-10-16T02:40:59.989726+00:00] wisp.DEBUG: Route before: Health check starting [] []
[2025-10-16T02:40:59.989773+00:00] wisp.DEBUG: Envelope middleware: Setting response headers [] []
[2025-10-16T02:40:59.989793+00:00] wisp.DEBUG: Player Rankings: Timer started {"label":"Player Rankings"} []
[2025-10-16T02:40:59.989816+00:00] wisp.INFO: RateLimit middleware: Checking rate limit {"ip":"127.0.0.1","max_requests":1000} []
[2025-10-16T02:40:59.989832+00:00] wisp.DEBUG: Auth middleware: Checking authorization header {"has_token":false} []
[2025-10-16T02:40:59.989844+00:00] wisp.INFO: Health check endpoint accessed [] []
[2025-10-16T02:40:59.989871+00:00] wisp.DEBUG: Route after: Health check completed [] []
[2025-10-16T02:40:59.989881+00:00] wisp.DEBUG: API v1 Group after: Exiting API v1 group [] []
[2025-10-16T02:40:59.989889+00:00] wisp.DEBUG: Global after: Request completed [] []
[2025-10-16T02:40:59.989900+00:00] wisp.INFO: Player Rankings: Completed in 0.11ms {"label":"Player Rankings","duration":0.11} []
[2025-10-16T02:41:00.144706+00:00] wisp.INFO: Global before: GET /v1/health-check {"method":"GET","uri":"/v1/health-check"} []
[2025-10-16T02:41:00.144773+00:00] wisp.DEBUG: API v1 Group before: Entering API v1 group [] []
[2025-10-16T02:41:00.144788+00:00] wisp.DEBUG: Route before: Health check starting [] []
[2025-10-16T02:41:00.144814+00:00] wisp.DEBUG: Envelope middleware: Setting response headers [] []
[2025-10-16T02:41:00.144831+00:00] wisp.DEBUG: Player Rankings: Timer started {"label":"Player Rankings"} []
[2025-10-16T02:41:00.144850+00:00] wisp.INFO: RateLimit middleware: Checking rate limit {"ip":"127.0.0.1","max_requests":1000} []
[2025-10-16T02:41:00.144866+00:00] wisp.DEBUG: Auth middleware: Checking authorization header {"has_token":false} []
[2025-10-16T02:41:00.144885+00:00] wisp.INFO: Health check endpoint accessed [] []
[2025-10-16T02:41:00.144908+00:00] wisp.DEBUG: Route after: Health check completed [] []
[2025-10-16T02:41:00.144918+00:00] wisp.DEBUG: API v1 Group after: Exiting API v1 group [] []
[2025-10-16T02:41:00.144925+00:00] wisp.DEBUG: Global after: Request completed [] []
[2025-10-16T02:41:00.144936+00:00] wisp.INFO: Player Rankings: Completed in 0.1ms {"label":"Player Rankings","duration":0.1} []
[2025-10-16T02:41:00.294588+00:00] wisp.INFO: Global before: GET /v1/health-check {"method":"GET","uri":"/v1/health-check"} []
[2025-10-16T02:41:00.294656+00:00] wisp.DEBUG: API v1 Group before: Entering API v1 group [] []
[2025-10-16T02:41:00.294671+00:00] wisp.DEBUG: Route before: Health check starting [] []
[2025-10-16T02:41:00.294699+00:00] wisp.DEBUG: Envelope middleware: Setting response headers [] []
[2025-10-16T02:41:00.294716+00:00] wisp.DEBUG: Player Rankings: Timer started {"label":"Player Rankings"} []
[2025-10-16T02:41:00.294735+00:00] wisp.INFO: RateLimit middleware: Checking rate limit {"ip":"127.0.0.1","max_requests":1000} []
[2025-10-16T02:41:00.294748+00:00] wisp.DEBUG: Auth middleware: Checking authorization header {"has_token":false} []
[2025-10-16T02:41:00.294759+00:00] wisp.INFO: Health check endpoint accessed [] []
[2025-10-16T02:41:00.294784+00:00] wisp.DEBUG: Route after: Health check completed [] []
[2025-10-16T02:41:00.294792+00:00] wisp.DEBUG: API v1 Group after: Exiting API v1 group [] []
[2025-10-16T02:41:00.294800+00:00] wisp.DEBUG: Global after: Request completed [] []
[2025-10-16T02:41:00.294810+00:00] wisp.INFO: Player Rankings: Completed in 0.09ms {"label":"Player Rankings","duration":0.09} []
[2025-10-16T02:41:36.199016+00:00] wisp.INFO: Global before {"method":"GET","uri":"/v1/health-check"} []
[2025-10-16T02:41:36.199116+00:00] wisp.DEBUG: API v1 Group before: Entering API v1 group [] []
[2025-10-16T02:41:36.199131+00:00] wisp.DEBUG: Route before: Health check starting [] []
[2025-10-16T02:41:36.199161+00:00] wisp.DEBUG: Envelope middleware: Setting response headers [] []
[2025-10-16T02:41:36.199179+00:00] wisp.DEBUG: {label}: Timer started {"label":"Player Rankings"} []
[2025-10-16T02:41:36.199197+00:00] wisp.INFO: RateLimit middleware: Checking rate limit {"ip":"127.0.0.1","max_requests":1000} []
[2025-10-16T02:41:36.199212+00:00] wisp.DEBUG: Auth middleware: Checking authorization header {"has_token":false} []
[2025-10-16T02:41:36.199232+00:00] wisp.INFO: Health check endpoint accessed [] []
[2025-10-16T02:41:36.199258+00:00] wisp.DEBUG: Route after: Health check completed [] []
[2025-10-16T02:41:36.199269+00:00] wisp.DEBUG: API v1 Group after: Exiting API v1 group [] []
[2025-10-16T02:41:36.199278+00:00] wisp.DEBUG: Global after: Request completed [] []
[2025-10-16T02:41:36.199290+00:00] wisp.INFO: {label}: Completed in {duration}ms {"label":"Player Rankings","duration":0.11} []
[2025-10-16T02:41:36.356938+00:00] wisp.INFO: Global before {"method":"GET","uri":"/v1/health-check"} []
[2025-10-16T02:41:36.357022+00:00] wisp.DEBUG: API v1 Group before: Entering API v1 group [] []
[2025-10-16T02:41:36.357038+00:00] wisp.DEBUG: Route before: Health check starting [] []
[2025-10-16T02:41:36.357071+00:00] wisp.DEBUG: Envelope middleware: Setting response headers [] []
[2025-10-16T02:41:36.357092+00:00] wisp.DEBUG: {label}: Timer started {"label":"Player Rankings"} []
[2025-10-16T02:41:36.357112+00:00] wisp.INFO: RateLimit middleware: Checking rate limit {"ip":"127.0.0.1","max_requests":1000} []
[2025-10-16T02:41:36.357131+00:00] wisp.DEBUG: Auth middleware: Checking authorization header {"has_token":false} []
[2025-10-16T02:41:36.357145+00:00] wisp.INFO: Health check endpoint accessed [] []
[2025-10-16T02:41:36.357173+00:00] wisp.DEBUG: Route after: Health check completed [] []
[2025-10-16T02:41:36.357186+00:00] wisp.DEBUG: API v1 Group after: Exiting API v1 group [] []
[2025-10-16T02:41:36.357196+00:00] wisp.DEBUG: Global after: Request completed [] []
[2025-10-16T02:41:36.357209+00:00] wisp.INFO: {label}: Completed in {duration}ms {"label":"Player Rankings","duration":0.12} []
[2025-10-16T02:47:13.954593+00:00] wisp.INFO: Global before: {method} {uri} {"method":"GET","uri":"/v1/health-check"} []
[2025-10-16T02:47:13.954733+00:00] wisp.DEBUG: Envelope middleware: Setting response headers [] []
[2025-10-16T02:47:13.954759+00:00] wisp.DEBUG: {label}: Timer started {"label":"Player Rankings"} []
[2025-10-16T02:47:13.954789+00:00] wisp.INFO: RateLimit middleware: Checking rate limit {"ip":"127.0.0.1","max_requests":1000} []
[2025-10-16T02:47:13.954815+00:00] wisp.DEBUG: Auth middleware: Checking authorization header {"has_token":false} []
[2025-10-16T02:47:13.954831+00:00] wisp.INFO: Health check endpoint accessed [] []
[2025-10-16T02:47:13.954862+00:00] wisp.DEBUG: Global after: Request completed [] []
[2025-10-16T02:47:13.954877+00:00] wisp.INFO: {label}: Completed in {duration}ms {"label":"Player Rankings","duration":0.12} []
[2025-10-16T02:47:14.569387+00:00] wisp.INFO: Global before: {method} {uri} {"method":"GET","uri":"/v1/health-check"} []
[2025-10-16T02:47:14.569480+00:00] wisp.DEBUG: Envelope middleware: Setting response headers [] []
[2025-10-16T02:47:14.569501+00:00] wisp.DEBUG: {label}: Timer started {"label":"Player Rankings"} []
[2025-10-16T02:47:14.569517+00:00] wisp.INFO: RateLimit middleware: Checking rate limit {"ip":"127.0.0.1","max_requests":1000} []
[2025-10-16T02:47:14.569532+00:00] wisp.DEBUG: Auth middleware: Checking authorization header {"has_token":false} []
[2025-10-16T02:47:14.569544+00:00] wisp.INFO: Health check endpoint accessed [] []
[2025-10-16T02:47:14.569570+00:00] wisp.DEBUG: Global after: Request completed [] []
[2025-10-16T02:47:14.569582+00:00] wisp.INFO: {label}: Completed in {duration}ms {"label":"Player Rankings","duration":0.08} []
[2025-10-16T02:47:14.731063+00:00] wisp.INFO: Global before: {method} {uri} {"method":"GET","uri":"/v1/health-check"} []
[2025-10-16T02:47:14.731163+00:00] wisp.DEBUG: Envelope middleware: Setting response headers [] []
[2025-10-16T02:47:14.731184+00:00] wisp.DEBUG: {label}: Timer started {"label":"Player Rankings"} []
[2025-10-16T02:47:14.731204+00:00] wisp.INFO: RateLimit middleware: Checking rate limit {"ip":"127.0.0.1","max_requests":1000} []
[2025-10-16T02:47:14.731219+00:00] wisp.DEBUG: Auth middleware: Checking authorization header {"has_token":false} []
[2025-10-16T02:47:14.731232+00:00] wisp.INFO: Health check endpoint accessed [] []
[2025-10-16T02:47:14.731263+00:00] wisp.DEBUG: Global after: Request completed [] []
[2025-10-16T02:47:14.731275+00:00] wisp.INFO: {label}: Completed in {duration}ms {"label":"Player Rankings","duration":0.09} []
[2025-10-16T02:47:34.004469+00:00] wisp.INFO: Global before {"method":"GET","uri":"/v1/health-check"} []
[2025-10-16T02:47:34.004637+00:00] wisp.DEBUG: Envelope middleware: Setting response headers [] []
[2025-10-16T02:47:34.004660+00:00] wisp.DEBUG: {label}: Timer started {"label":"Player Rankings"} []
[2025-10-16T02:47:34.004680+00:00] wisp.INFO: RateLimit middleware: Checking rate limit {"ip":"127.0.0.1","max_requests":1000} []
[2025-10-16T02:47:34.004696+00:00] wisp.DEBUG: Auth middleware: Checking authorization header {"has_token":false} []
[2025-10-16T02:47:34.004710+00:00] wisp.INFO: Health check endpoint accessed [] []
[2025-10-16T02:47:34.004739+00:00] wisp.DEBUG: Global after [] []
[2025-10-16T02:47:34.004752+00:00] wisp.INFO: {label}: Completed in {duration}ms {"label":"Player Rankings","duration":0.09} []
[2025-10-16T02:47:34.186345+00:00] wisp.INFO: Global before {"method":"GET","uri":"/v1/health-check"} []
[2025-10-16T02:47:34.186430+00:00] wisp.DEBUG: Envelope middleware: Setting response headers [] []
[2025-10-16T02:47:34.186449+00:00] wisp.DEBUG: {label}: Timer started {"label":"Player Rankings"} []
[2025-10-16T02:47:34.186465+00:00] wisp.INFO: RateLimit middleware: Checking rate limit {"ip":"127.0.0.1","max_requests":1000} []
[2025-10-16T02:47:34.186480+00:00] wisp.DEBUG: Auth middleware: Checking authorization header {"has_token":false} []
[2025-10-16T02:47:34.186492+00:00] wisp.INFO: Health check endpoint accessed [] []
[2025-10-16T02:47:34.186516+00:00] wisp.DEBUG: Global after [] []
[2025-10-16T02:47:34.186528+00:00] wisp.INFO: {label}: Completed in {duration}ms {"label":"Player Rankings","duration":0.08} []
[2025-10-16T02:47:34.365598+00:00] wisp.INFO: Global before {"method":"GET","uri":"/v1/health-check"} []
[2025-10-16T02:47:34.365693+00:00] wisp.DEBUG: Envelope middleware: Setting response headers [] []
[2025-10-16T02:47:34.365714+00:00] wisp.DEBUG: {label}: Timer started {"label":"Player Rankings"} []
[2025-10-16T02:47:34.365735+00:00] wisp.INFO: RateLimit middleware: Checking rate limit {"ip":"127.0.0.1","max_requests":1000} []
[2025-10-16T02:47:34.365750+00:00] wisp.DEBUG: Auth middleware: Checking authorization header {"has_token":false} []
[2025-10-16T02:47:34.365762+00:00] wisp.INFO: Health check endpoint accessed [] []
[2025-10-16T02:47:34.365785+00:00] wisp.DEBUG: Global after [] []
[2025-10-16T02:47:34.365797+00:00] wisp.INFO: {label}: Completed in {duration}ms {"label":"Player Rankings","duration":0.08} []
[2025-10-16T02:55:07.405202+00:00] wisp.INFO: Global before {"method":"GET","uri":"/v1/health-check"} []
[2025-10-16T02:55:07.405316+00:00] wisp.DEBUG: Middleware: Envelope before [] []
[2025-10-16T02:55:07.405337+00:00] wisp.DEBUG: Middleware: Timer before [] []
[2025-10-16T02:55:07.405361+00:00] wisp.DEBUG: Middleware: RateLimit before [] []
[2025-10-16T02:55:07.405381+00:00] wisp.DEBUG: Middleware: Auth before [] []
[2025-10-16T02:55:07.405395+00:00] wisp.INFO: Health check endpoint accessed [] []
[2025-10-16T02:55:07.405421+00:00] wisp.DEBUG: Global after [] []
[2025-10-16T02:55:07.405434+00:00] wisp.DEBUG: Middleware: Timer after [] []
[2025-10-25T01:19:45.205289+00:00] wisp.INFO: Global before {"method":"GET","uri":"/v1/health-check"} []
[2025-10-25T01:19:45.207963+00:00] wisp.DEBUG: Middleware: Envelope before [] []
[2025-10-25T01:19:45.208004+00:00] wisp.DEBUG: Middleware: Timer before [] []
[2025-10-25T01:19:45.208033+00:00] wisp.DEBUG: Middleware: RateLimit before [] []
[2025-10-25T01:19:45.208056+00:00] wisp.DEBUG: Middleware: Auth before [] []
[2025-10-25T01:19:45.208072+00:00] wisp.INFO: Health check endpoint accessed [] []
[2025-10-25T01:19:45.208113+00:00] wisp.DEBUG: Global after [] []
[2025-10-25T01:19:45.208128+00:00] wisp.DEBUG: Middleware: Timer after [] []
